{"/Users/jamesthompson/Desktop/futureproof/week-6/homework/Lap_2_Project/api/controllers/auth.js": {"path":"/Users/jamesthompson/Desktop/futureproof/week-6/homework/Lap_2_Project/api/controllers/auth.js","statementMap":{"0":{"start":{"line":1,"column":13},"end":{"line":1,"column":38}},"1":{"start":{"line":2,"column":12},"end":{"line":2,"column":35}},"2":{"start":{"line":4,"column":17},"end":{"line":13,"column":1}},"3":{"start":{"line":5,"column":2},"end":{"line":12,"column":3}},"4":{"start":{"line":6,"column":17},"end":{"line":6,"column":51}},"5":{"start":{"line":7,"column":4},"end":{"line":7,"column":22}},"6":{"start":{"line":8,"column":18},"end":{"line":8,"column":34}},"7":{"start":{"line":9,"column":4},"end":{"line":9,"column":36}},"8":{"start":{"line":11,"column":4},"end":{"line":11,"column":41}},"9":{"start":{"line":15,"column":14},"end":{"line":37,"column":1}},"10":{"start":{"line":16,"column":2},"end":{"line":36,"column":3}},"11":{"start":{"line":17,"column":32},"end":{"line":17,"column":40}},"12":{"start":{"line":18,"column":4},"end":{"line":20,"column":5}},"13":{"start":{"line":19,"column":6},"end":{"line":19,"column":59}},"14":{"start":{"line":21,"column":17},"end":{"line":21,"column":46}},"15":{"start":{"line":23,"column":4},"end":{"line":25,"column":5}},"16":{"start":{"line":24,"column":6},"end":{"line":24,"column":38}},"17":{"start":{"line":27,"column":25},"end":{"line":27,"column":61}},"18":{"start":{"line":28,"column":4},"end":{"line":30,"column":5}},"19":{"start":{"line":29,"column":6},"end":{"line":29,"column":45}},"20":{"start":{"line":31,"column":18},"end":{"line":31,"column":34}},"21":{"start":{"line":32,"column":4},"end":{"line":32,"column":36}},"22":{"start":{"line":34,"column":4},"end":{"line":34,"column":21}},"23":{"start":{"line":35,"column":4},"end":{"line":35,"column":34}},"24":{"start":{"line":39,"column":0},"end":{"line":42,"column":2}}},"fnMap":{"0":{"name":"(anonymous_0)","decl":{"start":{"line":4,"column":17},"end":{"line":4,"column":18}},"loc":{"start":{"line":4,"column":37},"end":{"line":13,"column":1}},"line":4},"1":{"name":"(anonymous_1)","decl":{"start":{"line":15,"column":14},"end":{"line":15,"column":15}},"loc":{"start":{"line":15,"column":34},"end":{"line":37,"column":1}},"line":15}},"branchMap":{"0":{"loc":{"start":{"line":18,"column":4},"end":{"line":20,"column":5}},"type":"if","locations":[{"start":{"line":18,"column":4},"end":{"line":20,"column":5}},{"start":{},"end":{}}],"line":18},"1":{"loc":{"start":{"line":18,"column":8},"end":{"line":18,"column":27}},"type":"binary-expr","locations":[{"start":{"line":18,"column":8},"end":{"line":18,"column":14}},{"start":{"line":18,"column":18},"end":{"line":18,"column":27}}],"line":18},"2":{"loc":{"start":{"line":23,"column":4},"end":{"line":25,"column":5}},"type":"if","locations":[{"start":{"line":23,"column":4},"end":{"line":25,"column":5}},{"start":{},"end":{}}],"line":23},"3":{"loc":{"start":{"line":28,"column":4},"end":{"line":30,"column":5}},"type":"if","locations":[{"start":{"line":28,"column":4},"end":{"line":30,"column":5}},{"start":{},"end":{}}],"line":28}},"s":{"0":1,"1":1,"2":1,"3":1,"4":1,"5":1,"6":1,"7":1,"8":0,"9":1,"10":1,"11":1,"12":1,"13":0,"14":1,"15":1,"16":0,"17":1,"18":1,"19":0,"20":1,"21":1,"22":0,"23":0,"24":1},"f":{"0":1,"1":1},"b":{"0":[0,1],"1":[1,1],"2":[0,1],"3":[0,1]},"_coverageSchema":"1a1c01bbd47fc00a2c39e90264f33305004495a9","hash":"14f9dc1dc1f25684b8a8307019ee8e9d61cb2b00"}
,"/Users/jamesthompson/Desktop/futureproof/week-6/homework/Lap_2_Project/api/middleware/authentication.js": {"path":"/Users/jamesthompson/Desktop/futureproof/week-6/homework/Lap_2_Project/api/middleware/authentication.js","statementMap":{"0":{"start":{"line":1,"column":13},"end":{"line":1,"column":38}},"1":{"start":{"line":2,"column":12},"end":{"line":2,"column":35}},"2":{"start":{"line":3,"column":18},"end":{"line":3,"column":37}},"3":{"start":{"line":5,"column":13},"end":{"line":30,"column":1}},"4":{"start":{"line":7,"column":2},"end":{"line":28,"column":3}},"5":{"start":{"line":8,"column":23},"end":{"line":8,"column":48}},"6":{"start":{"line":9,"column":4},"end":{"line":11,"column":5}},"7":{"start":{"line":10,"column":6},"end":{"line":10,"column":48}},"8":{"start":{"line":12,"column":18},"end":{"line":12,"column":42}},"9":{"start":{"line":13,"column":4},"end":{"line":25,"column":5}},"10":{"start":{"line":14,"column":22},"end":{"line":14,"column":63}},"11":{"start":{"line":16,"column":6},"end":{"line":20,"column":8}},"12":{"start":{"line":21,"column":6},"end":{"line":21,"column":13}},"13":{"start":{"line":23,"column":6},"end":{"line":23,"column":25}},"14":{"start":{"line":24,"column":6},"end":{"line":24,"column":48}},"15":{"start":{"line":27,"column":4},"end":{"line":27,"column":57}},"16":{"start":{"line":32,"column":0},"end":{"line":32,"column":22}}},"fnMap":{"0":{"name":"(anonymous_0)","decl":{"start":{"line":5,"column":13},"end":{"line":5,"column":14}},"loc":{"start":{"line":5,"column":39},"end":{"line":30,"column":1}},"line":5}},"branchMap":{"0":{"loc":{"start":{"line":9,"column":4},"end":{"line":11,"column":5}},"type":"if","locations":[{"start":{"line":9,"column":4},"end":{"line":11,"column":5}},{"start":{},"end":{}}],"line":9},"1":{"loc":{"start":{"line":9,"column":8},"end":{"line":9,"column":56}},"type":"binary-expr","locations":[{"start":{"line":9,"column":8},"end":{"line":9,"column":19}},{"start":{"line":9,"column":23},"end":{"line":9,"column":56}}],"line":9}},"s":{"0":1,"1":1,"2":1,"3":1,"4":0,"5":0,"6":0,"7":0,"8":0,"9":0,"10":0,"11":0,"12":0,"13":0,"14":0,"15":0,"16":1},"f":{"0":0},"b":{"0":[0,0],"1":[0,0]},"_coverageSchema":"1a1c01bbd47fc00a2c39e90264f33305004495a9","hash":"e450391e70c2cb9c48739de63fffad17325eb30e"}
,"/Users/jamesthompson/Desktop/futureproof/week-6/homework/Lap_2_Project/api/models/habit.js": {"path":"/Users/jamesthompson/Desktop/futureproof/week-6/homework/Lap_2_Project/api/models/habit.js","statementMap":{"0":{"start":{"line":1,"column":17},"end":{"line":1,"column":36}},"1":{"start":{"line":3,"column":20},"end":{"line":22,"column":2}},"2":{"start":{"line":24,"column":0},"end":{"line":24,"column":54}}},"fnMap":{},"branchMap":{},"s":{"0":1,"1":1,"2":1},"f":{},"b":{},"_coverageSchema":"1a1c01bbd47fc00a2c39e90264f33305004495a9","hash":"094f096a118bcc4ed44e331e24204859994c8580"}
,"/Users/jamesthompson/Desktop/futureproof/week-6/homework/Lap_2_Project/api/models/user.js": {"path":"/Users/jamesthompson/Desktop/futureproof/week-6/homework/Lap_2_Project/api/models/user.js","statementMap":{"0":{"start":{"line":1,"column":17},"end":{"line":1,"column":36}},"1":{"start":{"line":2,"column":12},"end":{"line":2,"column":35}},"2":{"start":{"line":3,"column":15},"end":{"line":3,"column":34}},"3":{"start":{"line":5,"column":19},"end":{"line":26,"column":2}},"4":{"start":{"line":28,"column":0},"end":{"line":31,"column":3}},"5":{"start":{"line":29,"column":15},"end":{"line":29,"column":39}},"6":{"start":{"line":30,"column":2},"end":{"line":30,"column":57}},"7":{"start":{"line":33,"column":0},"end":{"line":41,"column":2}},"8":{"start":{"line":34,"column":2},"end":{"line":40,"column":4}},"9":{"start":{"line":43,"column":0},"end":{"line":46,"column":2}},"10":{"start":{"line":44,"column":18},"end":{"line":44,"column":67}},"11":{"start":{"line":45,"column":2},"end":{"line":45,"column":17}},"12":{"start":{"line":48,"column":0},"end":{"line":48,"column":52}}},"fnMap":{"0":{"name":"(anonymous_0)","decl":{"start":{"line":28,"column":23},"end":{"line":28,"column":24}},"loc":{"start":{"line":28,"column":41},"end":{"line":31,"column":1}},"line":28},"1":{"name":"(anonymous_1)","decl":{"start":{"line":33,"column":31},"end":{"line":33,"column":32}},"loc":{"start":{"line":33,"column":43},"end":{"line":41,"column":1}},"line":33},"2":{"name":"(anonymous_2)","decl":{"start":{"line":43,"column":37},"end":{"line":43,"column":38}},"loc":{"start":{"line":43,"column":67},"end":{"line":46,"column":1}},"line":43}},"branchMap":{},"s":{"0":3,"1":3,"2":3,"3":3,"4":3,"5":0,"6":0,"7":3,"8":0,"9":3,"10":1,"11":1,"12":3},"f":{"0":0,"1":0,"2":1},"b":{},"_coverageSchema":"1a1c01bbd47fc00a2c39e90264f33305004495a9","hash":"d052be35c25e019482af031deda81a8d688ce5f6"}
}
